Determining if the pthread_create exist failed with the following output:
Change Dir: /home/laura/ExSciVis2019-1/build/CMakeFiles/CMakeTmp

Run Build Command:"/usr/bin/make" "cmTC_28305/fast"
/usr/bin/make -f CMakeFiles/cmTC_28305.dir/build.make CMakeFiles/cmTC_28305.dir/build
make[1]: Verzeichnis „/home/laura/ExSciVis2019-1/build/CMakeFiles/CMakeTmp“ wird betreten
Building C object CMakeFiles/cmTC_28305.dir/CheckSymbolExists.c.o
/usr/bin/cc     -o CMakeFiles/cmTC_28305.dir/CheckSymbolExists.c.o   -c /home/laura/ExSciVis2019-1/build/CMakeFiles/CMakeTmp/CheckSymbolExists.c
Linking C executable cmTC_28305
/usr/bin/cmake -E cmake_link_script CMakeFiles/cmTC_28305.dir/link.txt --verbose=1
/usr/bin/cc       CMakeFiles/cmTC_28305.dir/CheckSymbolExists.c.o  -o cmTC_28305 -rdynamic 
CMakeFiles/cmTC_28305.dir/CheckSymbolExists.c.o: In Funktion `main':
CheckSymbolExists.c:(.text+0x16): Nicht definierter Verweis auf `pthread_create'
collect2: error: ld returned 1 exit status
CMakeFiles/cmTC_28305.dir/build.make:97: die Regel für Ziel „cmTC_28305“ scheiterte
make[1]: *** [cmTC_28305] Fehler 1
make[1]: Verzeichnis „/home/laura/ExSciVis2019-1/build/CMakeFiles/CMakeTmp“ wird verlassen
Makefile:126: die Regel für Ziel „cmTC_28305/fast“ scheiterte
make: *** [cmTC_28305/fast] Fehler 2

File /home/laura/ExSciVis2019-1/build/CMakeFiles/CMakeTmp/CheckSymbolExists.c:
/* */
#include <pthread.h>

int main(int argc, char** argv)
{
  (void)argv;
#ifndef pthread_create
  return ((int*)(&pthread_create))[argc];
#else
  (void)argc;
  return 0;
#endif
}

Determining if the function pthread_create exists in the pthreads failed with the following output:
Change Dir: /home/laura/ExSciVis2019-1/build/CMakeFiles/CMakeTmp

Run Build Command:"/usr/bin/make" "cmTC_e6d81/fast"
/usr/bin/make -f CMakeFiles/cmTC_e6d81.dir/build.make CMakeFiles/cmTC_e6d81.dir/build
make[1]: Verzeichnis „/home/laura/ExSciVis2019-1/build/CMakeFiles/CMakeTmp“ wird betreten
Building C object CMakeFiles/cmTC_e6d81.dir/CheckFunctionExists.c.o
/usr/bin/cc    -DCHECK_FUNCTION_EXISTS=pthread_create   -o CMakeFiles/cmTC_e6d81.dir/CheckFunctionExists.c.o   -c /usr/share/cmake-3.5/Modules/CheckFunctionExists.c
Linking C executable cmTC_e6d81
/usr/bin/cmake -E cmake_link_script CMakeFiles/cmTC_e6d81.dir/link.txt --verbose=1
/usr/bin/cc   -DCHECK_FUNCTION_EXISTS=pthread_create    CMakeFiles/cmTC_e6d81.dir/CheckFunctionExists.c.o  -o cmTC_e6d81 -rdynamic -lpthreads 
/usr/bin/ld: cannot find -lpthreads
collect2: error: ld returned 1 exit status
CMakeFiles/cmTC_e6d81.dir/build.make:97: die Regel für Ziel „cmTC_e6d81“ scheiterte
make[1]: *** [cmTC_e6d81] Fehler 1
make[1]: Verzeichnis „/home/laura/ExSciVis2019-1/build/CMakeFiles/CMakeTmp“ wird verlassen
Makefile:126: die Regel für Ziel „cmTC_e6d81/fast“ scheiterte
make: *** [cmTC_e6d81/fast] Fehler 2


Determining if the function glXGetProcAddressEXT exists failed with the following output:
Change Dir: /home/laura/ExSciVis2019-1/build/CMakeFiles/CMakeTmp

Run Build Command:"/usr/bin/make" "cmTC_b81bb/fast"
/usr/bin/make -f CMakeFiles/cmTC_b81bb.dir/build.make CMakeFiles/cmTC_b81bb.dir/build
make[1]: Verzeichnis „/home/laura/ExSciVis2019-1/build/CMakeFiles/CMakeTmp“ wird betreten
Building C object CMakeFiles/cmTC_b81bb.dir/CheckFunctionExists.c.o
/usr/bin/cc    -DCHECK_FUNCTION_EXISTS=glXGetProcAddressEXT   -o CMakeFiles/cmTC_b81bb.dir/CheckFunctionExists.c.o   -c /usr/share/cmake-3.5/Modules/CheckFunctionExists.c
Linking C executable cmTC_b81bb
/usr/bin/cmake -E cmake_link_script CMakeFiles/cmTC_b81bb.dir/link.txt --verbose=1
/usr/bin/cc   -DCHECK_FUNCTION_EXISTS=glXGetProcAddressEXT    CMakeFiles/cmTC_b81bb.dir/CheckFunctionExists.c.o  -o cmTC_b81bb -rdynamic /usr/lib/x86_64-linux-gnu/libGL.so 
CMakeFiles/cmTC_b81bb.dir/CheckFunctionExists.c.o: In Funktion `main':
CheckFunctionExists.c:(.text+0x15): Nicht definierter Verweis auf `glXGetProcAddressEXT'
collect2: error: ld returned 1 exit status
CMakeFiles/cmTC_b81bb.dir/build.make:98: die Regel für Ziel „cmTC_b81bb“ scheiterte
make[1]: *** [cmTC_b81bb] Fehler 1
make[1]: Verzeichnis „/home/laura/ExSciVis2019-1/build/CMakeFiles/CMakeTmp“ wird verlassen
Makefile:126: die Regel für Ziel „cmTC_b81bb/fast“ scheiterte
make: *** [cmTC_b81bb/fast] Fehler 2


